0:0:0:0:0:0:0:1 - - [13/Jul/2021:09:59:11 +0800] "GET /nacos HTTP/1.1" 302 - 0 Mozilla/5.0 (Windows NT 10.0; Win64; x64) AppleWebKit/537.36 (KHTML, like Gecko) Chrome/91.0.4472.124 Safari/537.36 -
0:0:0:0:0:0:0:1 - - [13/Jul/2021:09:59:11 +0800] "GET /nacos/ HTTP/1.1" 200 2624 103 Mozilla/5.0 (Windows NT 10.0; Win64; x64) AppleWebKit/537.36 (KHTML, like Gecko) Chrome/91.0.4472.124 Safari/537.36 -
0:0:0:0:0:0:0:1 - - [13/Jul/2021:09:59:11 +0800] "GET /nacos/console-ui/public/css/icon.css HTTP/1.1" 200 5176 34 Mozilla/5.0 (Windows NT 10.0; Win64; x64) AppleWebKit/537.36 (KHTML, like Gecko) Chrome/91.0.4472.124 Safari/537.36 -
0:0:0:0:0:0:0:1 - - [13/Jul/2021:09:59:11 +0800] "GET /nacos/console-ui/public/css/merge.css HTTP/1.1" 200 3866 35 Mozilla/5.0 (Windows NT 10.0; Win64; x64) AppleWebKit/537.36 (KHTML, like Gecko) Chrome/91.0.4472.124 Safari/537.36 -
0:0:0:0:0:0:0:1 - - [13/Jul/2021:09:59:11 +0800] "GET /nacos/console-ui/public/css/codemirror.css HTTP/1.1" 200 8858 36 Mozilla/5.0 (Windows NT 10.0; Win64; x64) AppleWebKit/537.36 (KHTML, like Gecko) Chrome/91.0.4472.124 Safari/537.36 -
0:0:0:0:0:0:0:1 - - [13/Jul/2021:09:59:11 +0800] "GET /nacos/console-ui/public/css/font-awesome.css HTTP/1.1" 200 33850 36 Mozilla/5.0 (Windows NT 10.0; Win64; x64) AppleWebKit/537.36 (KHTML, like Gecko) Chrome/91.0.4472.124 Safari/537.36 -
0:0:0:0:0:0:0:1 - - [13/Jul/2021:09:59:11 +0800] "GET /nacos/console-ui/public/css/console1412.css HTTP/1.1" 200 156959 39 Mozilla/5.0 (Windows NT 10.0; Win64; x64) AppleWebKit/537.36 (KHTML, like Gecko) Chrome/91.0.4472.124 Safari/537.36 -
0:0:0:0:0:0:0:1 - - [13/Jul/2021:09:59:11 +0800] "GET /nacos/console-ui/public/css/bootstrap.css HTTP/1.1" 200 123294 43 Mozilla/5.0 (Windows NT 10.0; Win64; x64) AppleWebKit/537.36 (KHTML, like Gecko) Chrome/91.0.4472.124 Safari/537.36 -
0:0:0:0:0:0:0:1 - - [13/Jul/2021:09:59:11 +0800] "GET /nacos/console-ui/public/js/codemirror.addone.fullscreen.js HTTP/1.1" 200 1983 10 Mozilla/5.0 (Windows NT 10.0; Win64; x64) AppleWebKit/537.36 (KHTML, like Gecko) Chrome/91.0.4472.124 Safari/537.36 -
0:0:0:0:0:0:0:1 - - [13/Jul/2021:09:59:11 +0800] "GET /nacos/console-ui/public/js/xml.js HTTP/1.1" 200 13059 11 Mozilla/5.0 (Windows NT 10.0; Win64; x64) AppleWebKit/537.36 (KHTML, like Gecko) Chrome/91.0.4472.124 Safari/537.36 -
0:0:0:0:0:0:0:1 - - [13/Jul/2021:09:59:11 +0800] "GET /nacos/console-ui/public/js/javascript.js HTTP/1.1" 200 32209 16 Mozilla/5.0 (Windows NT 10.0; Win64; x64) AppleWebKit/537.36 (KHTML, like Gecko) Chrome/91.0.4472.124 Safari/537.36 -
0:0:0:0:0:0:0:1 - - [13/Jul/2021:09:59:11 +0800] "GET /nacos/css/main.css HTTP/1.1" 200 455543 29 Mozilla/5.0 (Windows NT 10.0; Win64; x64) AppleWebKit/537.36 (KHTML, like Gecko) Chrome/91.0.4472.124 Safari/537.36 -
0:0:0:0:0:0:0:1 - - [13/Jul/2021:09:59:11 +0800] "GET /nacos/console-ui/public/js/jquery.js HTTP/1.1" 200 89476 31 Mozilla/5.0 (Windows NT 10.0; Win64; x64) AppleWebKit/537.36 (KHTML, like Gecko) Chrome/91.0.4472.124 Safari/537.36 -
0:0:0:0:0:0:0:1 - - [13/Jul/2021:09:59:11 +0800] "GET /nacos/console-ui/public/js/codemirror.js HTTP/1.1" 200 366246 36 Mozilla/5.0 (Windows NT 10.0; Win64; x64) AppleWebKit/537.36 (KHTML, like Gecko) Chrome/91.0.4472.124 Safari/537.36 -
0:0:0:0:0:0:0:1 - - [13/Jul/2021:09:59:11 +0800] "GET /nacos/console-ui/public/js/codemirror.addone.lint.js HTTP/1.1" 200 8521 21 Mozilla/5.0 (Windows NT 10.0; Win64; x64) AppleWebKit/537.36 (KHTML, like Gecko) Chrome/91.0.4472.124 Safari/537.36 -
0:0:0:0:0:0:0:1 - - [13/Jul/2021:09:59:11 +0800] "GET /nacos/console-ui/public/js/codemirror.lib.clike-lint.js HTTP/1.1" 200 31531 9 Mozilla/5.0 (Windows NT 10.0; Win64; x64) AppleWebKit/537.36 (KHTML, like Gecko) Chrome/91.0.4472.124 Safari/537.36 -
0:0:0:0:0:0:0:1 - - [13/Jul/2021:09:59:11 +0800] "GET /nacos/console-ui/public/js/codemirror.addone.json-lint.js HTTP/1.1" 200 1443 16 Mozilla/5.0 (Windows NT 10.0; Win64; x64) AppleWebKit/537.36 (KHTML, like Gecko) Chrome/91.0.4472.124 Safari/537.36 -
0:0:0:0:0:0:0:1 - - [13/Jul/2021:09:59:11 +0800] "GET /nacos/console-ui/public/js/codemirror.lib.json-lint.js HTTP/1.1" 200 16798 26 Mozilla/5.0 (Windows NT 10.0; Win64; x64) AppleWebKit/537.36 (KHTML, like Gecko) Chrome/91.0.4472.124 Safari/537.36 -
0:0:0:0:0:0:0:1 - - [13/Jul/2021:09:59:11 +0800] "GET /nacos/console-ui/public/js/diff_match_patch.js HTTP/1.1" 200 19192 11 Mozilla/5.0 (Windows NT 10.0; Win64; x64) AppleWebKit/537.36 (KHTML, like Gecko) Chrome/91.0.4472.124 Safari/537.36 -
0:0:0:0:0:0:0:1 - - [13/Jul/2021:09:59:11 +0800] "GET /nacos/console-ui/public/js/merge.js HTTP/1.1" 200 37883 6 Mozilla/5.0 (Windows NT 10.0; Win64; x64) AppleWebKit/537.36 (KHTML, like Gecko) Chrome/91.0.4472.124 Safari/537.36 -
0:0:0:0:0:0:0:1 - - [13/Jul/2021:09:59:11 +0800] "GET /nacos/console-ui/public/js/loader.js HTTP/1.1" 200 28899 6 Mozilla/5.0 (Windows NT 10.0; Win64; x64) AppleWebKit/537.36 (KHTML, like Gecko) Chrome/91.0.4472.124 Safari/537.36 -
0:0:0:0:0:0:0:1 - - [13/Jul/2021:09:59:11 +0800] "GET /nacos/js/main.js HTTP/1.1" 200 1454393 31 Mozilla/5.0 (Windows NT 10.0; Win64; x64) AppleWebKit/537.36 (KHTML, like Gecko) Chrome/91.0.4472.124 Safari/537.36 -
0:0:0:0:0:0:0:1 - - [13/Jul/2021:09:59:12 +0800] "GET /nacos/console-ui/public/js/vs/editor/editor.main.js HTTP/1.1" 200 1824087 19 Mozilla/5.0 (Windows NT 10.0; Win64; x64) AppleWebKit/537.36 (KHTML, like Gecko) Chrome/91.0.4472.124 Safari/537.36 -
0:0:0:0:0:0:0:1 - - [13/Jul/2021:09:59:12 +0800] "GET /nacos/img/logo-2000-390.svg HTTP/1.1" 200 2106 6 Mozilla/5.0 (Windows NT 10.0; Win64; x64) AppleWebKit/537.36 (KHTML, like Gecko) Chrome/91.0.4472.124 Safari/537.36 -
0:0:0:0:0:0:0:1 - - [13/Jul/2021:09:59:12 +0800] "GET /nacos/console-ui/public/icons/icon-font.woff2 HTTP/1.1" 200 4368 21 Mozilla/5.0 (Windows NT 10.0; Win64; x64) AppleWebKit/537.36 (KHTML, like Gecko) Chrome/91.0.4472.124 Safari/537.36 -
0:0:0:0:0:0:0:1 - - [13/Jul/2021:09:59:12 +0800] "GET /nacos/v1/console/server/state?accessToken=eyJhbGciOiJIUzI1NiJ9.eyJzdWIiOiJuYWNvcyIsImV4cCI6MTYyNTc1MDQzMn0.TFRuqk6t0U1oiK3UlmDQsmOZEIomnmzn0ej0fgb3o78 HTTP/1.1" 200 82 61 Mozilla/5.0 (Windows NT 10.0; Win64; x64) AppleWebKit/537.36 (KHTML, like Gecko) Chrome/91.0.4472.124 Safari/537.36 -
0:0:0:0:0:0:0:1 - - [13/Jul/2021:09:59:12 +0800] "GET /nacos/v1/console/namespaces?&accessToken=eyJhbGciOiJIUzI1NiJ9.eyJzdWIiOiJuYWNvcyIsImV4cCI6MTYyNTc1MDQzMn0.TFRuqk6t0U1oiK3UlmDQsmOZEIomnmzn0ej0fgb3o78&namespaceId= HTTP/1.1" 200 254 84 Mozilla/5.0 (Windows NT 10.0; Win64; x64) AppleWebKit/537.36 (KHTML, like Gecko) Chrome/91.0.4472.124 Safari/537.36 -
0:0:0:0:0:0:0:1 - - [13/Jul/2021:09:59:12 +0800] "GET /nacos/console-ui/public/js/vs/editor/editor.main.css HTTP/1.1" 200 172199 7 Mozilla/5.0 (Windows NT 10.0; Win64; x64) AppleWebKit/537.36 (KHTML, like Gecko) Chrome/91.0.4472.124 Safari/537.36 -
0:0:0:0:0:0:0:1 - - [13/Jul/2021:09:59:12 +0800] "GET /nacos/console-ui/public/js/vs/editor/editor.main.nls.zh-cn.js HTTP/1.1" 200 22864 5 Mozilla/5.0 (Windows NT 10.0; Win64; x64) AppleWebKit/537.36 (KHTML, like Gecko) Chrome/91.0.4472.124 Safari/537.36 -
0:0:0:0:0:0:0:1 - - [13/Jul/2021:09:59:12 +0800] "GET /nacos/console-ui/public/img/favicon.ico HTTP/1.1" 200 4286 16 Mozilla/5.0 (Windows NT 10.0; Win64; x64) AppleWebKit/537.36 (KHTML, like Gecko) Chrome/91.0.4472.124 Safari/537.36 -
0:0:0:0:0:0:0:1 - - [13/Jul/2021:09:59:12 +0800] "GET /nacos/v1/cs/configs?dataId=&group=&appName=&config_tags=&pageNo=1&pageSize=10&tenant=&search=accurate&accessToken=eyJhbGciOiJIUzI1NiJ9.eyJzdWIiOiJuYWNvcyIsImV4cCI6MTYyNTc1MDQzMn0.TFRuqk6t0U1oiK3UlmDQsmOZEIomnmzn0ej0fgb3o78 HTTP/1.1" 200 609 127 Mozilla/5.0 (Windows NT 10.0; Win64; x64) AppleWebKit/537.36 (KHTML, like Gecko) Chrome/91.0.4472.124 Safari/537.36 -
0:0:0:0:0:0:0:1 - - [13/Jul/2021:09:59:17 +0800] "GET /nacos/v1/ns/catalog/services?hasIpCount=true&withInstances=false&pageNo=1&pageSize=10&serviceNameParam=&groupNameParam=&accessToken=eyJhbGciOiJIUzI1NiJ9.eyJzdWIiOiJuYWNvcyIsImV4cCI6MTYyNTc1MDQzMn0.TFRuqk6t0U1oiK3UlmDQsmOZEIomnmzn0ej0fgb3o78&namespaceId= HTTP/1.1" 200 39 33 Mozilla/5.0 (Windows NT 10.0; Win64; x64) AppleWebKit/537.36 (KHTML, like Gecko) Chrome/91.0.4472.124 Safari/537.36 -
0:0:0:0:0:0:0:1 - - [13/Jul/2021:09:59:24 +0800] "GET /nacos/v1/ns/catalog/services?hasIpCount=true&withInstances=false&pageNo=1&pageSize=10&serviceNameParam=&groupNameParam=&accessToken=eyJhbGciOiJIUzI1NiJ9.eyJzdWIiOiJuYWNvcyIsImV4cCI6MTYyNTc1MDQzMn0.TFRuqk6t0U1oiK3UlmDQsmOZEIomnmzn0ej0fgb3o78&namespaceId=8269fb7b-1074-480a-93bf-1860a38d23a8 HTTP/1.1" 200 39 4 Mozilla/5.0 (Windows NT 10.0; Win64; x64) AppleWebKit/537.36 (KHTML, like Gecko) Chrome/91.0.4472.124 Safari/537.36 -
0:0:0:0:0:0:0:1 - - [13/Jul/2021:09:59:26 +0800] "GET /nacos/v1/ns/catalog/services?hasIpCount=true&withInstances=false&pageNo=1&pageSize=10&serviceNameParam=&groupNameParam=&accessToken=eyJhbGciOiJIUzI1NiJ9.eyJzdWIiOiJuYWNvcyIsImV4cCI6MTYyNTc1MDQzMn0.TFRuqk6t0U1oiK3UlmDQsmOZEIomnmzn0ej0fgb3o78&namespaceId= HTTP/1.1" 200 39 3 Mozilla/5.0 (Windows NT 10.0; Win64; x64) AppleWebKit/537.36 (KHTML, like Gecko) Chrome/91.0.4472.124 Safari/537.36 -
