0:0:0:0:0:0:0:1 - - [12/Jul/2021:09:11:10 +0800] "GET /nacos HTTP/1.1" 302 - 0 Mozilla/5.0 (Windows NT 10.0; Win64; x64) AppleWebKit/537.36 (KHTML, like Gecko) Chrome/91.0.4472.124 Safari/537.36 -
0:0:0:0:0:0:0:1 - - [12/Jul/2021:09:11:10 +0800] "GET /nacos/ HTTP/1.1" 200 2624 110 Mozilla/5.0 (Windows NT 10.0; Win64; x64) AppleWebKit/537.36 (KHTML, like Gecko) Chrome/91.0.4472.124 Safari/537.36 -
0:0:0:0:0:0:0:1 - - [12/Jul/2021:09:11:10 +0800] "GET /nacos/console-ui/public/css/merge.css HTTP/1.1" 200 3866 32 Mozilla/5.0 (Windows NT 10.0; Win64; x64) AppleWebKit/537.36 (KHTML, like Gecko) Chrome/91.0.4472.124 Safari/537.36 -
0:0:0:0:0:0:0:1 - - [12/Jul/2021:09:11:10 +0800] "GET /nacos/console-ui/public/css/console1412.css HTTP/1.1" 200 156959 34 Mozilla/5.0 (Windows NT 10.0; Win64; x64) AppleWebKit/537.36 (KHTML, like Gecko) Chrome/91.0.4472.124 Safari/537.36 -
0:0:0:0:0:0:0:1 - - [12/Jul/2021:09:11:10 +0800] "GET /nacos/console-ui/public/css/icon.css HTTP/1.1" 200 5176 32 Mozilla/5.0 (Windows NT 10.0; Win64; x64) AppleWebKit/537.36 (KHTML, like Gecko) Chrome/91.0.4472.124 Safari/537.36 -
0:0:0:0:0:0:0:1 - - [12/Jul/2021:09:11:10 +0800] "GET /nacos/console-ui/public/css/codemirror.css HTTP/1.1" 200 8858 35 Mozilla/5.0 (Windows NT 10.0; Win64; x64) AppleWebKit/537.36 (KHTML, like Gecko) Chrome/91.0.4472.124 Safari/537.36 -
0:0:0:0:0:0:0:1 - - [12/Jul/2021:09:11:10 +0800] "GET /nacos/console-ui/public/css/font-awesome.css HTTP/1.1" 200 33850 22 Mozilla/5.0 (Windows NT 10.0; Win64; x64) AppleWebKit/537.36 (KHTML, like Gecko) Chrome/91.0.4472.124 Safari/537.36 -
0:0:0:0:0:0:0:1 - - [12/Jul/2021:09:11:10 +0800] "GET /nacos/console-ui/public/css/bootstrap.css HTTP/1.1" 200 123294 41 Mozilla/5.0 (Windows NT 10.0; Win64; x64) AppleWebKit/537.36 (KHTML, like Gecko) Chrome/91.0.4472.124 Safari/537.36 -
0:0:0:0:0:0:0:1 - - [12/Jul/2021:09:11:10 +0800] "GET /nacos/console-ui/public/js/javascript.js HTTP/1.1" 200 32209 18 Mozilla/5.0 (Windows NT 10.0; Win64; x64) AppleWebKit/537.36 (KHTML, like Gecko) Chrome/91.0.4472.124 Safari/537.36 -
0:0:0:0:0:0:0:1 - - [12/Jul/2021:09:11:10 +0800] "GET /nacos/console-ui/public/js/jquery.js HTTP/1.1" 200 89476 24 Mozilla/5.0 (Windows NT 10.0; Win64; x64) AppleWebKit/537.36 (KHTML, like Gecko) Chrome/91.0.4472.124 Safari/537.36 -
0:0:0:0:0:0:0:1 - - [12/Jul/2021:09:11:10 +0800] "GET /nacos/css/main.css HTTP/1.1" 200 455543 27 Mozilla/5.0 (Windows NT 10.0; Win64; x64) AppleWebKit/537.36 (KHTML, like Gecko) Chrome/91.0.4472.124 Safari/537.36 -
0:0:0:0:0:0:0:1 - - [12/Jul/2021:09:11:10 +0800] "GET /nacos/console-ui/public/js/codemirror.addone.fullscreen.js HTTP/1.1" 200 1983 15 Mozilla/5.0 (Windows NT 10.0; Win64; x64) AppleWebKit/537.36 (KHTML, like Gecko) Chrome/91.0.4472.124 Safari/537.36 -
0:0:0:0:0:0:0:1 - - [12/Jul/2021:09:11:10 +0800] "GET /nacos/console-ui/public/js/xml.js HTTP/1.1" 200 13059 24 Mozilla/5.0 (Windows NT 10.0; Win64; x64) AppleWebKit/537.36 (KHTML, like Gecko) Chrome/91.0.4472.124 Safari/537.36 -
0:0:0:0:0:0:0:1 - - [12/Jul/2021:09:11:10 +0800] "GET /nacos/console-ui/public/js/codemirror.js HTTP/1.1" 200 366246 38 Mozilla/5.0 (Windows NT 10.0; Win64; x64) AppleWebKit/537.36 (KHTML, like Gecko) Chrome/91.0.4472.124 Safari/537.36 -
0:0:0:0:0:0:0:1 - - [12/Jul/2021:09:11:10 +0800] "GET /nacos/console-ui/public/js/codemirror.lib.json-lint.js HTTP/1.1" 200 16798 16 Mozilla/5.0 (Windows NT 10.0; Win64; x64) AppleWebKit/537.36 (KHTML, like Gecko) Chrome/91.0.4472.124 Safari/537.36 -
0:0:0:0:0:0:0:1 - - [12/Jul/2021:09:11:10 +0800] "GET /nacos/console-ui/public/js/codemirror.addone.json-lint.js HTTP/1.1" 200 1443 13 Mozilla/5.0 (Windows NT 10.0; Win64; x64) AppleWebKit/537.36 (KHTML, like Gecko) Chrome/91.0.4472.124 Safari/537.36 -
0:0:0:0:0:0:0:1 - - [12/Jul/2021:09:11:10 +0800] "GET /nacos/console-ui/public/js/codemirror.lib.clike-lint.js HTTP/1.1" 200 31531 14 Mozilla/5.0 (Windows NT 10.0; Win64; x64) AppleWebKit/537.36 (KHTML, like Gecko) Chrome/91.0.4472.124 Safari/537.36 -
0:0:0:0:0:0:0:1 - - [12/Jul/2021:09:11:10 +0800] "GET /nacos/console-ui/public/js/diff_match_patch.js HTTP/1.1" 200 19192 7 Mozilla/5.0 (Windows NT 10.0; Win64; x64) AppleWebKit/537.36 (KHTML, like Gecko) Chrome/91.0.4472.124 Safari/537.36 -
0:0:0:0:0:0:0:1 - - [12/Jul/2021:09:11:10 +0800] "GET /nacos/console-ui/public/js/codemirror.addone.lint.js HTTP/1.1" 200 8521 26 Mozilla/5.0 (Windows NT 10.0; Win64; x64) AppleWebKit/537.36 (KHTML, like Gecko) Chrome/91.0.4472.124 Safari/537.36 -
0:0:0:0:0:0:0:1 - - [12/Jul/2021:09:11:10 +0800] "GET /nacos/console-ui/public/js/merge.js HTTP/1.1" 200 37883 6 Mozilla/5.0 (Windows NT 10.0; Win64; x64) AppleWebKit/537.36 (KHTML, like Gecko) Chrome/91.0.4472.124 Safari/537.36 -
0:0:0:0:0:0:0:1 - - [12/Jul/2021:09:11:10 +0800] "GET /nacos/console-ui/public/js/loader.js HTTP/1.1" 200 28899 7 Mozilla/5.0 (Windows NT 10.0; Win64; x64) AppleWebKit/537.36 (KHTML, like Gecko) Chrome/91.0.4472.124 Safari/537.36 -
0:0:0:0:0:0:0:1 - - [12/Jul/2021:09:11:10 +0800] "GET /nacos/js/main.js HTTP/1.1" 200 1454393 43 Mozilla/5.0 (Windows NT 10.0; Win64; x64) AppleWebKit/537.36 (KHTML, like Gecko) Chrome/91.0.4472.124 Safari/537.36 -
0:0:0:0:0:0:0:1 - - [12/Jul/2021:09:11:10 +0800] "GET /nacos/console-ui/public/js/vs/editor/editor.main.js HTTP/1.1" 200 1824087 21 Mozilla/5.0 (Windows NT 10.0; Win64; x64) AppleWebKit/537.36 (KHTML, like Gecko) Chrome/91.0.4472.124 Safari/537.36 -
0:0:0:0:0:0:0:1 - - [12/Jul/2021:09:11:10 +0800] "GET /nacos/img/logo-2000-390.svg HTTP/1.1" 200 2106 6 Mozilla/5.0 (Windows NT 10.0; Win64; x64) AppleWebKit/537.36 (KHTML, like Gecko) Chrome/91.0.4472.124 Safari/537.36 -
0:0:0:0:0:0:0:1 - - [12/Jul/2021:09:11:10 +0800] "GET /nacos/v1/console/server/state?accessToken=eyJhbGciOiJIUzI1NiJ9.eyJzdWIiOiJuYWNvcyIsImV4cCI6MTYyNTc1MDQzMn0.TFRuqk6t0U1oiK3UlmDQsmOZEIomnmzn0ej0fgb3o78 HTTP/1.1" 200 82 47 Mozilla/5.0 (Windows NT 10.0; Win64; x64) AppleWebKit/537.36 (KHTML, like Gecko) Chrome/91.0.4472.124 Safari/537.36 -
0:0:0:0:0:0:0:1 - - [12/Jul/2021:09:11:10 +0800] "GET /nacos/console-ui/public/icons/icon-font.woff2 HTTP/1.1" 200 4368 19 Mozilla/5.0 (Windows NT 10.0; Win64; x64) AppleWebKit/537.36 (KHTML, like Gecko) Chrome/91.0.4472.124 Safari/537.36 -
0:0:0:0:0:0:0:1 - - [12/Jul/2021:09:11:11 +0800] "GET /nacos/v1/console/namespaces?&accessToken=eyJhbGciOiJIUzI1NiJ9.eyJzdWIiOiJuYWNvcyIsImV4cCI6MTYyNTc1MDQzMn0.TFRuqk6t0U1oiK3UlmDQsmOZEIomnmzn0ej0fgb3o78&namespaceId= HTTP/1.1" 200 254 27 Mozilla/5.0 (Windows NT 10.0; Win64; x64) AppleWebKit/537.36 (KHTML, like Gecko) Chrome/91.0.4472.124 Safari/537.36 -
0:0:0:0:0:0:0:1 - - [12/Jul/2021:09:11:11 +0800] "GET /nacos/console-ui/public/js/vs/editor/editor.main.css HTTP/1.1" 200 172199 6 Mozilla/5.0 (Windows NT 10.0; Win64; x64) AppleWebKit/537.36 (KHTML, like Gecko) Chrome/91.0.4472.124 Safari/537.36 -
0:0:0:0:0:0:0:1 - - [12/Jul/2021:09:11:11 +0800] "GET /nacos/console-ui/public/js/vs/editor/editor.main.nls.zh-cn.js HTTP/1.1" 200 22864 5 Mozilla/5.0 (Windows NT 10.0; Win64; x64) AppleWebKit/537.36 (KHTML, like Gecko) Chrome/91.0.4472.124 Safari/537.36 -
0:0:0:0:0:0:0:1 - - [12/Jul/2021:09:11:11 +0800] "GET /nacos/v1/cs/configs?dataId=&group=&appName=&config_tags=&pageNo=1&pageSize=10&tenant=&search=accurate&accessToken=eyJhbGciOiJIUzI1NiJ9.eyJzdWIiOiJuYWNvcyIsImV4cCI6MTYyNTc1MDQzMn0.TFRuqk6t0U1oiK3UlmDQsmOZEIomnmzn0ej0fgb3o78 HTTP/1.1" 200 609 99 Mozilla/5.0 (Windows NT 10.0; Win64; x64) AppleWebKit/537.36 (KHTML, like Gecko) Chrome/91.0.4472.124 Safari/537.36 -
0:0:0:0:0:0:0:1 - - [12/Jul/2021:09:11:16 +0800] "GET /nacos/v1/ns/catalog/services?hasIpCount=true&withInstances=false&pageNo=1&pageSize=10&serviceNameParam=&groupNameParam=&accessToken=eyJhbGciOiJIUzI1NiJ9.eyJzdWIiOiJuYWNvcyIsImV4cCI6MTYyNTc1MDQzMn0.TFRuqk6t0U1oiK3UlmDQsmOZEIomnmzn0ej0fgb3o78&namespaceId= HTTP/1.1" 200 39 27 Mozilla/5.0 (Windows NT 10.0; Win64; x64) AppleWebKit/537.36 (KHTML, like Gecko) Chrome/91.0.4472.124 Safari/537.36 -
0:0:0:0:0:0:0:1 - - [12/Jul/2021:09:11:18 +0800] "GET /nacos/v1/cs/configs?dataId=&group=&appName=&config_tags=&pageNo=1&pageSize=10&tenant=&search=accurate&accessToken=eyJhbGciOiJIUzI1NiJ9.eyJzdWIiOiJuYWNvcyIsImV4cCI6MTYyNTc1MDQzMn0.TFRuqk6t0U1oiK3UlmDQsmOZEIomnmzn0ej0fgb3o78 HTTP/1.1" 200 609 7 Mozilla/5.0 (Windows NT 10.0; Win64; x64) AppleWebKit/537.36 (KHTML, like Gecko) Chrome/91.0.4472.124 Safari/537.36 -
0:0:0:0:0:0:0:1 - - [12/Jul/2021:09:11:20 +0800] "GET /nacos/v1/cs/configs?dataId=&group=&appName=&config_tags=&pageNo=1&pageSize=10&tenant=&search=accurate&accessToken=eyJhbGciOiJIUzI1NiJ9.eyJzdWIiOiJuYWNvcyIsImV4cCI6MTYyNTc1MDQzMn0.TFRuqk6t0U1oiK3UlmDQsmOZEIomnmzn0ej0fgb3o78 HTTP/1.1" 200 609 5 Mozilla/5.0 (Windows NT 10.0; Win64; x64) AppleWebKit/537.36 (KHTML, like Gecko) Chrome/91.0.4472.124 Safari/537.36 -
0:0:0:0:0:0:0:1 - - [12/Jul/2021:09:25:58 +0800] "GET /nacos/v1/console/namespaces?&accessToken=eyJhbGciOiJIUzI1NiJ9.eyJzdWIiOiJuYWNvcyIsImV4cCI6MTYyNTc1MDQzMn0.TFRuqk6t0U1oiK3UlmDQsmOZEIomnmzn0ej0fgb3o78&namespaceId= HTTP/1.1" 200 254 6 Mozilla/5.0 (Windows NT 10.0; Win64; x64) AppleWebKit/537.36 (KHTML, like Gecko) Chrome/91.0.4472.124 Safari/537.36 -
0:0:0:0:0:0:0:1 - - [12/Jul/2021:09:26:41 +0800] "GET /nacos/v1/cs/configs?dataId=&group=&appName=&config_tags=&pageNo=1&pageSize=10&tenant=&search=accurate&accessToken=eyJhbGciOiJIUzI1NiJ9.eyJzdWIiOiJuYWNvcyIsImV4cCI6MTYyNTc1MDQzMn0.TFRuqk6t0U1oiK3UlmDQsmOZEIomnmzn0ej0fgb3o78 HTTP/1.1" 200 609 4 Mozilla/5.0 (Windows NT 10.0; Win64; x64) AppleWebKit/537.36 (KHTML, like Gecko) Chrome/91.0.4472.124 Safari/537.36 -
0:0:0:0:0:0:0:1 - - [12/Jul/2021:09:26:47 +0800] "GET /nacos/v1/cs/configs?dataId=&group=&appName=&config_tags=&pageNo=1&pageSize=10&tenant=8269fb7b-1074-480a-93bf-1860a38d23a8&search=accurate&accessToken=eyJhbGciOiJIUzI1NiJ9.eyJzdWIiOiJuYWNvcyIsImV4cCI6MTYyNTc1MDQzMn0.TFRuqk6t0U1oiK3UlmDQsmOZEIomnmzn0ej0fgb3o78 HTTP/1.1" 200 414 5 Mozilla/5.0 (Windows NT 10.0; Win64; x64) AppleWebKit/537.36 (KHTML, like Gecko) Chrome/91.0.4472.124 Safari/537.36 -
0:0:0:0:0:0:0:1 - - [12/Jul/2021:09:26:48 +0800] "GET /nacos/v1/cs/configs?dataId=&group=&appName=&config_tags=&pageNo=1&pageSize=10&tenant=&search=accurate&accessToken=eyJhbGciOiJIUzI1NiJ9.eyJzdWIiOiJuYWNvcyIsImV4cCI6MTYyNTc1MDQzMn0.TFRuqk6t0U1oiK3UlmDQsmOZEIomnmzn0ej0fgb3o78 HTTP/1.1" 200 609 3 Mozilla/5.0 (Windows NT 10.0; Win64; x64) AppleWebKit/537.36 (KHTML, like Gecko) Chrome/91.0.4472.124 Safari/537.36 -
0:0:0:0:0:0:0:1 - - [12/Jul/2021:09:26:48 +0800] "GET /nacos/v1/cs/configs?dataId=&group=&appName=&config_tags=&pageNo=1&pageSize=10&tenant=8269fb7b-1074-480a-93bf-1860a38d23a8&search=accurate&accessToken=eyJhbGciOiJIUzI1NiJ9.eyJzdWIiOiJuYWNvcyIsImV4cCI6MTYyNTc1MDQzMn0.TFRuqk6t0U1oiK3UlmDQsmOZEIomnmzn0ej0fgb3o78 HTTP/1.1" 200 414 5 Mozilla/5.0 (Windows NT 10.0; Win64; x64) AppleWebKit/537.36 (KHTML, like Gecko) Chrome/91.0.4472.124 Safari/537.36 -
0:0:0:0:0:0:0:1 - - [12/Jul/2021:09:26:49 +0800] "GET /nacos/v1/cs/configs?dataId=&group=&appName=&config_tags=&pageNo=1&pageSize=10&tenant=&search=accurate&accessToken=eyJhbGciOiJIUzI1NiJ9.eyJzdWIiOiJuYWNvcyIsImV4cCI6MTYyNTc1MDQzMn0.TFRuqk6t0U1oiK3UlmDQsmOZEIomnmzn0ej0fgb3o78 HTTP/1.1" 200 609 4 Mozilla/5.0 (Windows NT 10.0; Win64; x64) AppleWebKit/537.36 (KHTML, like Gecko) Chrome/91.0.4472.124 Safari/537.36 -
0:0:0:0:0:0:0:1 - - [12/Jul/2021:09:26:50 +0800] "GET /nacos/v1/cs/configs?dataId=&group=&appName=&config_tags=&pageNo=1&pageSize=10&tenant=8269fb7b-1074-480a-93bf-1860a38d23a8&search=accurate&accessToken=eyJhbGciOiJIUzI1NiJ9.eyJzdWIiOiJuYWNvcyIsImV4cCI6MTYyNTc1MDQzMn0.TFRuqk6t0U1oiK3UlmDQsmOZEIomnmzn0ej0fgb3o78 HTTP/1.1" 200 414 4 Mozilla/5.0 (Windows NT 10.0; Win64; x64) AppleWebKit/537.36 (KHTML, like Gecko) Chrome/91.0.4472.124 Safari/537.36 -
0:0:0:0:0:0:0:1 - - [12/Jul/2021:09:26:54 +0800] "GET /nacos/console-ui/public/js/vs/base/worker/workerMain.js HTTP/1.1" 200 151535 20 Mozilla/5.0 (Windows NT 10.0; Win64; x64) AppleWebKit/537.36 (KHTML, like Gecko) Chrome/91.0.4472.124 Safari/537.36 -
0:0:0:0:0:0:0:1 - - [12/Jul/2021:09:27:22 +0800] "GET /nacos/console-ui/public/js/vs/basic-languages/src/yaml.js HTTP/1.1" 200 3869 20 Mozilla/5.0 (Windows NT 10.0; Win64; x64) AppleWebKit/537.36 (KHTML, like Gecko) Chrome/91.0.4472.124 Safari/537.36 -
0:0:0:0:0:0:0:1 - - [12/Jul/2021:09:27:23 +0800] "GET /nacos/console-ui/public/js/vs/language/json/jsonMode.js HTTP/1.1" 200 36549 4 Mozilla/5.0 (Windows NT 10.0; Win64; x64) AppleWebKit/537.36 (KHTML, like Gecko) Chrome/91.0.4472.124 Safari/537.36 -
0:0:0:0:0:0:0:1 - - [12/Jul/2021:09:27:23 +0800] "GET /nacos/console-ui/public/js/vs/language/json/jsonWorker.js HTTP/1.1" 200 93035 4 Mozilla/5.0 (Windows NT 10.0; Win64; x64) AppleWebKit/537.36 (KHTML, like Gecko) Chrome/91.0.4472.124 Safari/537.36 -
0:0:0:0:0:0:0:1 - - [12/Jul/2021:09:27:34 +0800] "GET /nacos/v1/cs/configs?dataId=&group=&appName=&config_tags=&pageNo=1&pageSize=10&tenant=8269fb7b-1074-480a-93bf-1860a38d23a8&search=accurate&accessToken=eyJhbGciOiJIUzI1NiJ9.eyJzdWIiOiJuYWNvcyIsImV4cCI6MTYyNTc1MDQzMn0.TFRuqk6t0U1oiK3UlmDQsmOZEIomnmzn0ej0fgb3o78 HTTP/1.1" 200 414 4 Mozilla/5.0 (Windows NT 10.0; Win64; x64) AppleWebKit/537.36 (KHTML, like Gecko) Chrome/91.0.4472.124 Safari/537.36 -
0:0:0:0:0:0:0:1 - - [12/Jul/2021:09:27:45 +0800] "GET /nacos/v1/cs/configs?dataId=&group=&appName=&config_tags=&pageNo=1&pageSize=10&tenant=&search=accurate&accessToken=eyJhbGciOiJIUzI1NiJ9.eyJzdWIiOiJuYWNvcyIsImV4cCI6MTYyNTc1MDQzMn0.TFRuqk6t0U1oiK3UlmDQsmOZEIomnmzn0ej0fgb3o78 HTTP/1.1" 200 609 5 Mozilla/5.0 (Windows NT 10.0; Win64; x64) AppleWebKit/537.36 (KHTML, like Gecko) Chrome/91.0.4472.124 Safari/537.36 -
0:0:0:0:0:0:0:1 - - [12/Jul/2021:09:32:13 +0800] "GET /nacos/v1/console/namespaces?&accessToken=eyJhbGciOiJIUzI1NiJ9.eyJzdWIiOiJuYWNvcyIsImV4cCI6MTYyNTc1MDQzMn0.TFRuqk6t0U1oiK3UlmDQsmOZEIomnmzn0ej0fgb3o78&namespaceId= HTTP/1.1" 200 254 7 Mozilla/5.0 (Windows NT 10.0; Win64; x64) AppleWebKit/537.36 (KHTML, like Gecko) Chrome/91.0.4472.124 Safari/537.36 -
0:0:0:0:0:0:0:1 - - [12/Jul/2021:09:32:13 +0800] "GET /nacos/v1/cs/configs?show=all&dataId=sys-service.properties&group=DEFAULT_GROUP&tenant=&accessToken=eyJhbGciOiJIUzI1NiJ9.eyJzdWIiOiJuYWNvcyIsImV4cCI6MTYyNTc1MDQzMn0.TFRuqk6t0U1oiK3UlmDQsmOZEIomnmzn0ej0fgb3o78&namespaceId= HTTP/1.1" 200 744 47 Mozilla/5.0 (Windows NT 10.0; Win64; x64) AppleWebKit/537.36 (KHTML, like Gecko) Chrome/91.0.4472.124 Safari/537.36 -
